[08-12 07:42:40] RECV: REGISTER|hopdeptrai|23102004

[08-12 07:42:40] SEND: 0|Register OK

[08-12 07:42:52] RECV: LOGIN|hopdeptrai|23102004

[08-12 07:42:52] SEND: 0|Login OK

[08-12 07:43:55] RECV: REGISTER|triduc|23102004

[08-12 07:43:55] SEND: 0|Register OK

[08-12 07:44:04] RECV: LOGIN|triduc|23102004

[08-12 07:44:04] SEND: 0|Login OK

[08-12 07:44:12] RECV: CREATE_PROJECT|QLCV

[08-12 07:46:03] RECV: LOGIN|triduc1|23102003

[08-12 07:46:03] SEND: 1|Login failed

[08-12 07:46:19] RECV: LOGIN|[A|[A

[08-12 07:46:19] SEND: 1|Login failed

[08-12 08:05:03] RECV: REGISTER|hop|123

[08-12 08:05:03] SEND: 0|Register OK

[08-12 08:05:12] RECV: REGISTER|duc|123

[08-12 08:05:12] SEND: 0|Register OK

[08-12 08:05:23] RECV: LOGIN|hop|123

[08-12 08:05:23] SEND: 0|Login OK

[08-12 08:05:35] RECV: LOGIN|duc|123

[08-12 08:05:35] SEND: 0|Login OK

[08-12 08:05:43] RECV: CREATE_PROJECT|QLCV

[08-12 08:05:44] SEND: 0|Project created

[08-12 08:06:36] RECV: INVITE_MEMBER|duc|duc

[08-12 08:06:36] SEND: 1|Invite failed

[08-12 08:06:47] RECV: INVITE_MEMBER|QLCV|duc

[08-12 08:06:47] SEND: 1|Invite failed

[08-12 08:24:16] RECV: LOGIN|hop|123

[08-12 08:24:16] SEND: 0|Login OK

[08-12 08:24:27] RECV: LOGIN|duc|123

[08-12 08:24:27] SEND: 0|Login OK

[08-12 08:24:35] RECV: LIST_PROJECT

[08-12 08:24:35] SEND: 1|Unknown command

[08-12 08:32:51] RECV: LOGIN|hop|123

[08-12 08:32:51] SEND: 0|Login OK

[08-12 08:32:59] RECV: LOGIN|duc|123

[08-12 08:32:59] SEND: 0|Login OK

[08-12 08:33:23] RECV: LOGIN|hopdz|123

[08-12 08:33:23] SEND: 1|Login failed

[08-12 08:33:51] RECV: CREATE_PROJECT|QLCV_LTM

[08-12 08:33:51] SEND: 0|Project created

[08-12 08:33:59] RECV: LIST_PROJECT

[08-12 08:33:59] SEND: 1|Unknown command

[08-12 08:34:20] RECV: INVITE_MEMBER|1|duc

[08-12 08:34:20] SEND: 0|Member invited

[08-12 08:42:11] RECV: LOGIN|hopdz|123

[08-12 08:42:11] SEND: 1|Login failed

[08-12 08:42:17] RECV: LOGIN|hop|123

[08-12 08:42:17] SEND: 0|Login OK

[08-12 08:42:22] RECV: LOGIN|duc|123

[08-12 08:42:22] SEND: 0|Login OK

[08-12 08:42:35] RECV: CREATE_PROJECT|LTM

[08-12 08:42:35] SEND: 0|Project created

[08-12 08:42:42] RECV: LIST_PROJECT

[08-12 08:42:42] SEND: 1|Unknown command

[08-12 08:42:52] RECV: INVITE_MEMBER|LLTM|duc

[08-12 08:42:52] SEND: 0|Member invited

[08-12 08:43:04] RECV: LIST_PROJECT

[08-12 08:43:04] SEND: 1|Unknown command

[08-12 08:43:35] RECV: INVITE_MEMBER|LTM|duc

[08-12 08:43:35] SEND: 1|Invite failed

[08-12 08:44:29] RECV: CREATE_TASK|LTM|login|create login page

[08-12 08:44:29] SEND: 0|Task created

[08-12 08:44:51] RECV: ASSIGN_TASK|login|duc

[08-12 08:44:51] SEND: 0|Task assigned

[08-12 08:45:57] RECV: LIST_PROJECT

[08-12 08:45:57] SEND: 1|Unknown command

[08-12 08:46:44] RECV: INVITE_MEMBER|LTM|duc

[08-12 08:46:44] SEND: 1|Invite failed

[08-12 08:46:54] RECV: LIST_PROJECT

[08-12 08:46:54] SEND: 1|Unknown command

[08-12 08:47:16] RECV: REGISTER|hopdz|123

[08-12 08:47:16] SEND: 0|Register OK

[08-12 08:47:24] RECV: LOGIN|hopdz|123

[08-12 08:47:24] SEND: 0|Login OK

[08-12 08:47:31] RECV: INVITE_MEMBER|LTM|hopdz

[08-12 08:47:31] SEND: 0|Member invited

[08-12 08:47:48] RECV: LIST_PROJECT

[08-12 08:47:48] SEND: 1|Unknown command

[08-12 08:47:55] RECV: INVITE_MEMBER|QLCV|hopdz

[08-12 08:47:55] SEND: 1|Invite failed

[08-12 08:49:03] RECV: LIST_PROJECT

[08-12 08:49:03] SEND: 1|Unknown command

[08-12 08:49:11] RECV: INVITE_MEMBER|cksjda|duc

[08-12 08:49:11] SEND: 1|Invite failed

[08-12 08:49:18] RECV: LIST_PROJECT

[08-12 08:49:18] SEND: 1|Unknown command

[08-12 08:49:38] RECV: INVITE_MEMBER|LTM|duc

[08-12 08:49:38] SEND: 1|Invite failed

[08-12 09:03:34] RECV: LOGIN|hop|123

[08-12 09:03:34] SEND: 0|Login OK

[08-12 09:03:36] RECV: LIST_PROJECT

[08-12 09:03:36] SEND: 1|Unknown command

[08-12 09:04:10] RECV: LIST_TASK|LTM

[08-12 09:04:10] SEND: 0|1|login|Assignee:0


[08-12 09:04:34] RECV: LOGIN|duc|123

[08-12 09:04:34] SEND: 0|Login OK

[08-12 09:04:43] RECV: LIST_TASK|LTM

[08-12 09:04:43] SEND: 0|1|login|Assignee:0


[08-12 09:04:53] RECV: ASSIGN_TASK|login|duc

[08-12 09:04:53] SEND: 0|Task assigned

[08-12 09:05:18] RECV: CREATE_PROJECT|DATN

[08-12 09:05:18] SEND: 0|Project created

[08-12 09:05:25] RECV: LIST_TASK|LTM

[08-12 09:05:25] SEND: 0|1|login|Assignee:0


[08-12 09:06:36] RECV: CREATE_TASK|LTM|register|create page register

[08-12 09:06:36] SEND: 0|Task created

[08-12 09:06:43] RECV: LIST_TASK|LTM

[08-12 09:06:43] SEND: 0|1|login|Assignee:0
2|register|Assignee:0


[08-12 09:07:36] RECV: LIST_PROJECT

[08-12 09:07:36] SEND: 1|Unknown command

[08-12 09:07:51] RECV: LOGIN|hopdzhopdz|123

[08-12 09:07:51] SEND: 1|Login failed

[08-12 09:07:56] RECV: LOGIN|hopdz|123

[08-12 09:07:56] SEND: 0|Login OK

[08-12 09:08:01] RECV: INVITE_MEMBER|LTM|hopdz

[08-12 09:08:01] SEND: 1|Invite failed

[08-12 09:08:12] RECV: LIST_TASK|LTM

[08-12 09:08:12] SEND: 0|1|login|Assignee:0
2|register|Assignee:0


[08-12 09:08:34] RECV: ASSIGN_TASK|2|hopdz

[08-12 09:08:34] SEND: 0|Task assigned

[08-12 09:08:42] RECV: LIST_TASK|LTM

[08-12 09:08:42] SEND: 0|1|login|Assignee:0
2|register|Assignee:0


[08-12 09:09:54] RECV: LOGIN|hop|123

[08-12 09:09:54] SEND: 0|Login OK

[08-12 09:10:00] RECV: LIST_TASK|LTM

[08-12 09:10:00] SEND: 0|1|login|Assignee:0
2|register|Assignee:0


[08-12 10:49:02] RECV: LOGIN|hop|123

[08-12 10:49:02] SEND: 0|Login OK

[08-12 10:49:06] RECV: LIST_PROJECT

[08-12 10:49:06] SEND: 1|Unknown command

[08-12 10:49:12] RECV: LIST_TASK|LTM

[08-12 10:49:12] SEND: 0|LIST

[08-12 10:49:26] RECV: CREATE_PROJECT|LTM

[08-12 10:49:26] SEND: 0|Project created

[08-12 10:49:40] RECV: LIST_TASK|LTM

[08-12 10:49:40] SEND: 0|LIST

[08-12 10:51:44] RECV: LIST_PROJECT

[08-12 10:51:44] SEND: 1|Unknown command

[08-12 10:56:25] RECV: LOGIN|hop|123

[08-12 10:56:25] SEND: 0|Login OK

[08-12 10:56:30] RECV: LIST_PROJECT

[08-12 10:56:30] SEND: 1|Unknown command

[08-12 10:57:06] RECV: LIST_TASK|LTM

[08-12 10:57:06] SEND: 0|LIST

[08-12 10:57:56] RECV: CREATE_TASK|LTM|logout|Create logout

[08-12 10:57:56] SEND: 0|Task created

[08-12 10:58:01] RECV: LIST_TASK|LTM

[08-12 10:58:01] SEND: 0|LIST

[08-12 11:05:10] RECV: LIST_TASK|LTM

[08-12 11:05:10] SEND: 0|LIST

[08-12 11:05:17] RECV: LIST_PROJECT

[08-12 11:05:17] SEND: 1|Unknown command

[08-12 11:05:29] RECV: LIST_TASK|QLCV

[08-12 11:05:29] SEND: 0|LIST

[08-12 12:47:23] RECV: LOGIN|hop|123

[08-12 12:47:23] SEND: 1|Login failed

[08-12 12:47:37] RECV: REGISTER|hop|123

[08-12 12:47:37] SEND: 0|Register OK

[08-12 12:47:45] RECV: REGISTER|hop|123

[08-12 12:47:45] SEND: 1|Register failed

[08-12 12:47:54] RECV: LOGIN|hop|123

[08-12 12:47:54] SEND: 0|Login OK

[08-12 12:48:00] RECV: CREATE_PROJECT|QLCV

[08-12 12:48:00] SEND: 0|Project created

[08-12 12:48:22] RECV: REGISTER|duc|123

[08-12 12:48:22] SEND: 0|Register OK

[08-12 12:48:26] RECV: LOGIN|duc|123

[08-12 12:48:26] SEND: 0|Login OK

[08-12 12:48:29] RECV: LIST_PROJECT

[08-12 12:48:29] SEND: 1|Unknown command

[08-12 12:48:50] RECV: INVITE_MEMBER|QLCV|duc

[08-12 12:48:50] SEND: 0|Member invited

[08-12 12:49:33] RECV: LIST_PROJECT

[08-12 12:49:33] SEND: 1|Unknown command

[08-12 12:54:29] RECV: LOGIN|hop|123

[08-12 12:54:29] SEND: 0|Login OK

[08-12 12:54:33] RECV: LOGIN|duc|123

[08-12 12:54:33] SEND: 0|Login OK

[08-12 12:55:15] RECV: CREATE_PROJECT|TM

[08-12 12:55:15] SEND: 0|Project created

[08-12 12:55:37] RECV: CREATE_PROJECT|LTM

[08-12 12:55:37] SEND: 0|Project created

[08-12 12:55:51] RECV: LIST_PROJECT

[08-12 12:55:51] SEND: 1|Unknown command

[08-12 12:56:32] RECV: INVITE_MEMBER|LTM|duc

[08-12 12:56:32] SEND: 0|Member invited

[08-12 12:56:37] RECV: LIST_PROJECT

[08-12 12:56:37] SEND: 1|Unknown command

[08-12 12:56:40] RECV: LIST_PROJECT

[08-12 12:56:40] SEND: 1|Unknown command

[08-12 12:56:51] RECV: LIST_PROJECT

[08-12 12:56:51] SEND: 1|Unknown command

[08-12 13:02:30] RECV: LOGIN|hop|123

[08-12 13:02:30] SEND: 0|Login OK

[08-12 13:02:38] RECV: LOGIN|duc|123

[08-12 13:02:38] SEND: 0|Login OK

[08-12 13:02:45] RECV: CREATE_PROJECT|QLCV

[08-12 13:02:45] SEND: 0|Project created

[08-12 13:02:55] RECV: LIST_PROJECT

[08-12 13:02:55] SEND: 0|1|QLCV
2|TM
3|LTM
4|QLCV


[08-12 13:03:10] RECV: INVITE_MEMBER|1|duc

[08-12 13:03:10] SEND: 0|Member invited

[08-12 13:03:14] RECV: LIST_PROJECT

[08-12 13:03:14] SEND: 0|1|QLCV


[08-12 13:03:20] RECV: LIST_PROJECT

[08-12 13:03:20] SEND: 0|1|QLCV


[08-12 13:03:26] RECV: LIST_TASK|1

[08-12 13:03:26] SEND: 0|No tasks

[08-12 13:03:32] RECV: LIST_PROJECT

[08-12 13:03:32] SEND: 0|1|QLCV
2|TM
3|LTM
4|QLCV


[08-12 13:04:01] RECV: CREATE_TASK|1|fe|Design front end

[08-12 13:04:01] SEND: 0|Task created

[08-12 13:04:05] RECV: LIST_PROJECT

[08-12 13:04:05] SEND: 0|1|QLCV


[08-12 13:04:09] RECV: LIST_TASK|1

[08-12 13:04:09] SEND: 0|1|fe|Assignee:0


[08-12 13:04:23] RECV: LIST_TASK|1

[08-12 13:04:23] SEND: 0|1|fe|Assignee:0


[08-12 13:04:33] RECV: ASSIGN_TASK|1|duc

[08-12 13:04:33] SEND: 0|Task assigned

[08-12 13:04:39] RECV: LIST_PROJECT

[08-12 13:04:39] SEND: 0|1|QLCV
2|TM
3|LTM
4|QLCV


[08-12 13:05:01] RECV: LIST_TASK|10

[08-12 13:05:01] SEND: 0|No tasks

[08-12 13:05:40] RECV: LIST_PROJECT

[08-12 13:05:40] SEND: 0|1|QLCV
2|TM
3|LTM
4|QLCV


[08-12 13:05:42] RECV: LIST_TASK|1

[08-12 13:05:42] SEND: 0|1|fe|Assignee:0


[08-12 13:06:54] RECV: LIST_PROJECT

[08-12 13:06:54] SEND: 0|1|QLCV
2|TM
3|LTM
4|QLCV


[08-12 13:06:55] RECV: LIST_TASK|1

[08-12 13:06:55] SEND: 0|1|fe|Assignee:0


[08-12 13:08:15] RECV: LIST_TASK|1

[08-12 13:08:15] SEND: 0|1|fe|Assignee:0


[08-12 13:08:24] RECV: ASSIGN_TASK|1|duc

[08-12 13:08:24] SEND: 0|Task assigned

[08-12 13:08:36] RECV: LIST_PROJECT

[08-12 13:08:36] SEND: 0|1|QLCV
2|TM
3|LTM
4|QLCV


[08-12 13:08:38] RECV: LIST_TASK|1

[08-12 13:08:38] SEND: 0|1|fe|Assignee:0


[08-12 13:13:39] RECV: LOGIN|hop|123

[08-12 13:13:39] SEND: 0|Login OK

[08-12 13:13:44] RECV: LOGIN|duc|123

[08-12 13:13:44] SEND: 0|Login OK

[08-12 13:14:06] RECV: LIST_TASK|1

[08-12 13:14:06] SEND: 0|1|fe|Assignee:0


[08-12 13:14:15] RECV: ASSIGN_TASK|1|duc

[08-12 13:14:15] SEND: 0|Task assigned

[08-12 13:14:18] RECV: LIST_PROJECT

[08-12 13:14:18] SEND: 0|1|QLCV
2|TM
3|LTM
4|QLCV


[08-12 13:14:19] RECV: LIST_TASK|1

[08-12 13:14:19] SEND: 0|1|fe|Assignee:2


[08-12 13:20:16] RECV: LOGIN|hop|123

[08-12 13:20:16] SEND: 0|Login OK

[08-12 13:20:19] RECV: LOGIN|duc|123

[08-12 13:20:19] SEND: 0|Login OK

[08-12 13:20:25] RECV: LIST_PROJECT

[08-12 13:20:25] SEND: 0|1|QLCV
2|TM
3|LTM
4|QLCV


[08-12 13:20:31] RECV: LIST_PROJECT

[08-12 13:20:31] SEND: 0|1|QLCV


[08-12 13:20:37] RECV: LIST_PROJECT

[08-12 13:20:37] SEND: 0|1|QLCV
2|TM
3|LTM
4|QLCV


[08-12 13:20:41] RECV: LIST_TASK|1

[08-12 13:20:41] SEND: 0|No tasks

[08-12 13:20:55] RECV: LIST_PROJECT

[08-12 13:20:55] SEND: 0|1|QLCV
2|TM
3|LTM
4|QLCV


[08-12 13:21:38] RECV: CREATE_TASK|1|FE|this task create front end

[08-12 13:21:38] SEND: 0|Task created

[08-12 13:21:50] RECV: LIST_TASK|1

[08-12 13:21:50] SEND: 0|No tasks

[08-12 13:22:39] RECV: LOGIN|duc|123

[08-12 13:22:39] SEND: 0|Login OK

[08-12 13:22:45] RECV: LIST_PROJECT

[08-12 13:22:45] SEND: 0|1|QLCV


[08-12 13:22:48] RECV: LIST_TASK|1

[08-12 13:22:48] SEND: 0|No tasks

[08-12 13:26:59] RECV: REGISTER|hop|123

[08-12 13:26:59] SEND: 0|Register OK

[08-12 13:27:05] RECV: LOGIN|hop|123

[08-12 13:27:05] SEND: 0|Login OK

[08-12 13:27:31] RECV: REGISTER|hop|123

[08-12 13:27:31] SEND: 1|Register failed

[08-12 13:27:46] RECV: LOGIN|hop|123

[08-12 13:27:46] SEND: 0|Login OK

[08-12 13:27:59] RECV: LIST_PROJECT

[08-12 13:27:59] SEND: 0|No projects

[08-12 13:28:03] RECV: CREATE_PROJECT|QLCV

[08-12 13:28:03] SEND: 0|Project created

[08-12 13:28:06] RECV: CREATE_PROJECT|ltm

[08-12 13:28:06] SEND: 0|Project created

[08-12 13:28:11] RECV: LIST_PROJECT

[08-12 13:28:11] SEND: 0|1|QLCV
2|ltm


[08-12 13:28:24] RECV: LIST_PROJECT

[08-12 13:28:24] SEND: 0|1|QLCV
2|ltm


[08-12 13:28:29] RECV: INVITE_MEMBER|1|duc

[08-12 13:28:29] SEND: 1|User not found

[08-12 13:28:39] RECV: LIST_PROJECT

[08-12 13:28:39] SEND: 0|1|QLCV
2|ltm


